<?xml version="1.0" encoding="UTF-8"?>
<!-- Generated by org.testng.reporters.JUnitReportReporter -->
<testsuite hostname="Lisas-MacBook-Pro.local" name="testcases.TestVerifyLogin" tests="1" failures="0" timestamp="17 Dec 2016 13:07:43 GMT" time="0.897" errors="0">
  <testcase name="testEasy" time="0.897" classname="testcases.TestVerifyLogin"/>
</testsuite> <!-- testcases.TestVerifyLogin -->
